<?xml version="1.0" encoding="UTF-8"?>
<!-- Generated by org.testng.reporters.JUnitXMLReporter -->
<testsuite hostname="Amits-MacBook-Air.local" ignored="1" name="RestAssuredAllTests(failed)" tests="1" failures="0" timestamp="05 Nov 2019 19:14:27 GMT" time="2.4" errors="0">
  <testcase name="testStatusCodePOST" time="0.011" classname="raf.testcases.TC002_POST_RegisterNewUser"/>
  <testcase name="testResponseBodyPOST" time="0.0" classname="raf.testcases.TC002_POST_RegisterNewUser">
    <ignored/>
  </testcase> <!-- testResponseBodyPOST -->
</testsuite> <!-- RestAssuredAllTests(failed) -->
