<?xml version="1.0" encoding="UTF-8"?>
<!-- Generated by org.testng.reporters.JUnitXMLReporter -->
<testsuite hostname="Amits-MacBook-Air.local" ignored="0" name="Default test" tests="2" failures="0" timestamp="05 Nov 2019 18:28:36 GMT" time="2.492" errors="0">
  <testcase name="testResponseBodyPOST" time="0.019" classname="raf.testcases.TC002_POST_RegisterNewUser"/>
  <testcase name="testStatusCodePOST" time="0.005" classname="raf.testcases.TC002_POST_RegisterNewUser"/>
</testsuite> <!-- Default test -->
