<?xml version="1.0" encoding="UTF-8"?>
<!-- Generated by org.testng.reporters.JUnitXMLReporter -->
<testsuite hostname="Amits-MacBook-Air.local" ignored="1" name="Test" tests="7" failures="0" timestamp="05 Nov 2019 18:41:55 GMT" time="3.192" errors="0">
  <testcase name="testContentTypeValidation" time="0.009" classname="raf.testcases.TC001_GET_WeatherOfCity"/>
  <testcase name="testResponseBodyValidation" time="0.031" classname="raf.testcases.TC001_GET_WeatherOfCity"/>
  <testcase name="testResponseTimeValidation" time="0.002" classname="raf.testcases.TC001_GET_WeatherOfCity"/>
  <testcase name="testStatusCodeValidation" time="0.005" classname="raf.testcases.TC001_GET_WeatherOfCity"/>
  <testcase name="testStatusLineValidation" time="0.001" classname="raf.testcases.TC001_GET_WeatherOfCity"/>
  <testcase name="testResponseBodyPOST" time="0.003" classname="raf.testcases.TC002_POST_RegisterNewUser"/>
  <testcase name="testStatusCodePOST" time="0.006" classname="raf.testcases.TC002_POST_RegisterNewUser"/>
  <testcase name="testHeaderTypes" time="0.0" classname="raf.testcases.TC001_GET_WeatherOfCity">
    <ignored/>
  </testcase> <!-- testHeaderTypes -->
</testsuite> <!-- Test -->
